INFO  started: Metals version 0.8.2 in workspace 'E:\Sophomore\Scala\LambdaPi'
INFO  time: initialize in 0.83s
WARN  no build tool detected in workspace 'E:\Sophomore\Scala\LambdaPi'. The most common cause for this problem is that the editor was opened in the wrong working directory, for example if you use sbt then the workspace directory should contain build.sbt. 
WARN  no build target for: E:\Sophomore\Scala\LambdaPi\Data\AST.scala
INFO  no build target: using presentation compiler with only scala-library
WARN  no build tool detected in workspace 'E:\Sophomore\Scala\LambdaPi'. The most common cause for this problem is that the editor was opened in the wrong working directory, for example if you use sbt then the workspace directory should contain build.sbt. 
WARN  no build tool detected in workspace 'E:\Sophomore\Scala\LambdaPi'. The most common cause for this problem is that the editor was opened in the wrong working directory, for example if you use sbt then the workspace directory should contain build.sbt. 
WARN  no build tool detected in workspace 'E:\Sophomore\Scala\LambdaPi'. The most common cause for this problem is that the editor was opened in the wrong working directory, for example if you use sbt then the workspace directory should contain build.sbt. 
WARN  no build tool detected in workspace 'E:\Sophomore\Scala\LambdaPi'. The most common cause for this problem is that the editor was opened in the wrong working directory, for example if you use sbt then the workspace directory should contain build.sbt. 
WARN  no build target for: E:\Sophomore\Scala\LambdaPi\Data\AST.scala
WARN  no build target for: E:\Sophomore\Scala\LambdaPi\Data\AST.scala
WARN  no build target for: E:\Sophomore\Scala\LambdaPi\Data\AST.scala
WARN  no build target for: E:\Sophomore\Scala\LambdaPi\Data\AST.scala
WARN  no build target for: E:\Sophomore\Scala\LambdaPi\Data\AST.scala
WARN  no build target for: E:\Sophomore\Scala\LambdaPi\Data\AST.scala
WARN  no build target for: E:\Sophomore\Scala\LambdaPi\Data\AST.scala
WARN  no build target for: E:\Sophomore\Scala\LambdaPi\Data\AST.scala
WARN  no build tool detected in workspace 'E:\Sophomore\Scala\LambdaPi'. The most common cause for this problem is that the editor was opened in the wrong working directory, for example if you use sbt then the workspace directory should contain build.sbt. 
WARN  no build tool detected in workspace 'E:\Sophomore\Scala\LambdaPi'. The most common cause for this problem is that the editor was opened in the wrong working directory, for example if you use sbt then the workspace directory should contain build.sbt. 
WARN  no build tool detected in workspace 'E:\Sophomore\Scala\LambdaPi'. The most common cause for this problem is that the editor was opened in the wrong working directory, for example if you use sbt then the workspace directory should contain build.sbt. 
WARN  no build tool detected in workspace 'E:\Sophomore\Scala\LambdaPi'. The most common cause for this problem is that the editor was opened in the wrong working directory, for example if you use sbt then the workspace directory should contain build.sbt. 
WARN  no build tool detected in workspace 'E:\Sophomore\Scala\LambdaPi'. The most common cause for this problem is that the editor was opened in the wrong working directory, for example if you use sbt then the workspace directory should contain build.sbt. 
WARN  no build tool detected in workspace 'E:\Sophomore\Scala\LambdaPi'. The most common cause for this problem is that the editor was opened in the wrong working directory, for example if you use sbt then the workspace directory should contain build.sbt. 
WARN  no build tool detected in workspace 'E:\Sophomore\Scala\LambdaPi'. The most common cause for this problem is that the editor was opened in the wrong working directory, for example if you use sbt then the workspace directory should contain build.sbt. 
WARN  no build tool detected in workspace 'E:\Sophomore\Scala\LambdaPi'. The most common cause for this problem is that the editor was opened in the wrong working directory, for example if you use sbt then the workspace directory should contain build.sbt. 
WARN  no build tool detected in workspace 'E:\Sophomore\Scala\LambdaPi'. The most common cause for this problem is that the editor was opened in the wrong working directory, for example if you use sbt then the workspace directory should contain build.sbt. 
WARN  no build tool detected in workspace 'E:\Sophomore\Scala\LambdaPi'. The most common cause for this problem is that the editor was opened in the wrong working directory, for example if you use sbt then the workspace directory should contain build.sbt. 
WARN  no build target for: E:\Sophomore\Scala\LambdaPi\Data\AST.scala
WARN  no build target for: E:\Sophomore\Scala\LambdaPi\Data\AST.scala
WARN  no build target for: E:\Sophomore\Scala\LambdaPi\Data\AST.scala
WARN  no build target for: E:\Sophomore\Scala\LambdaPi\Data\AST.scala
WARN  no build target for: E:\Sophomore\Scala\LambdaPi\Data\AST.scala
WARN  no build tool detected in workspace 'E:\Sophomore\Scala\LambdaPi'. The most common cause for this problem is that the editor was opened in the wrong working directory, for example if you use sbt then the workspace directory should contain build.sbt. 
WARN  no build tool detected in workspace 'E:\Sophomore\Scala\LambdaPi'. The most common cause for this problem is that the editor was opened in the wrong working directory, for example if you use sbt then the workspace directory should contain build.sbt. 
WARN  no build target for: E:\Sophomore\Scala\LambdaPi\Data\AST.scala
WARN  no build target for: E:\Sophomore\Scala\LambdaPi\Data\AST.scala
WARN  no build target for: E:\Sophomore\Scala\LambdaPi\Data\AST.scala
WARN  no build target for: E:\Sophomore\Scala\LambdaPi\Data\AST.scala
WARN  no build target for: E:\Sophomore\Scala\LambdaPi\Data\AST.scala
WARN  no build target for: E:\Sophomore\Scala\LambdaPi\Data\AST.scala
WARN  no build tool detected in workspace 'E:\Sophomore\Scala\LambdaPi'. The most common cause for this problem is that the editor was opened in the wrong working directory, for example if you use sbt then the workspace directory should contain build.sbt. 
WARN  no build tool detected in workspace 'E:\Sophomore\Scala\LambdaPi'. The most common cause for this problem is that the editor was opened in the wrong working directory, for example if you use sbt then the workspace directory should contain build.sbt. 
WARN  no build target for: E:\Sophomore\Scala\LambdaPi\Data\AST.scala
WARN  no build target for: E:\Sophomore\Scala\LambdaPi\Data\AST.scala
WARN  no build target for: E:\Sophomore\Scala\LambdaPi\Data\AST.scala
WARN  no build target for: E:\Sophomore\Scala\LambdaPi\Data\AST.scala
WARN  no build target for: E:\Sophomore\Scala\LambdaPi\Data\AST.scala
WARN  no build target for: E:\Sophomore\Scala\LambdaPi\Data\AST.scala
WARN  no build target for: E:\Sophomore\Scala\LambdaPi\Data\AST.scala
WARN  no build target for: E:\Sophomore\Scala\LambdaPi\Data\AST.scala
WARN  no build target for: E:\Sophomore\Scala\LambdaPi\Data\AST.scala
WARN  no build target for: E:\Sophomore\Scala\LambdaPi\Data\AST.scala
WARN  no build target for: E:\Sophomore\Scala\LambdaPi\Data\AST.scala
WARN  no build target for: E:\Sophomore\Scala\LambdaPi\Data\AST.scala
WARN  no build target for: E:\Sophomore\Scala\LambdaPi\Data\AST.scala
WARN  no build target for: E:\Sophomore\Scala\LambdaPi\Eval.scala
WARN  no build target for: E:\Sophomore\Scala\LambdaPi\Eval.scala
3月 20, 2020 1:12:03 上午 org.eclipse.lsp4j.jsonrpc.RemoteEndpoint fallbackResponseError
严重: Internal error: java.lang.StringIndexOutOfBoundsException: String index out of range: -1
java.util.concurrent.CompletionException: java.lang.StringIndexOutOfBoundsException: String index out of range: -1
	at java.base/java.util.concurrent.CompletableFuture.encodeThrowable(CompletableFuture.java:331)
	at java.base/java.util.concurrent.CompletableFuture.completeThrowable(CompletableFuture.java:346)
	at java.base/java.util.concurrent.CompletableFuture$UniAccept.tryFire(CompletableFuture.java:704)
	at java.base/java.util.concurrent.CompletableFuture.postComplete(CompletableFuture.java:506)
	at java.base/java.util.concurrent.CompletableFuture.completeExceptionally(CompletableFuture.java:2088)
	at scala.meta.internal.metals.CancelTokens$.$anonfun$future$1(CancelTokens.scala:38)
	at scala.meta.internal.metals.CancelTokens$.$anonfun$future$1$adapted(CancelTokens.scala:36)
	at scala.concurrent.impl.CallbackRunnable.run(Promise.scala:64)
	at java.base/java.util.concurrent.ThreadPoolExecutor.runWorker(ThreadPoolExecutor.java:1128)
	at java.base/java.util.concurrent.ThreadPoolExecutor$Worker.run(ThreadPoolExecutor.java:628)
	at java.base/java.lang.Thread.run(Thread.java:834)
Caused by: java.lang.StringIndexOutOfBoundsException: String index out of range: -1
	at java.base/java.lang.StringLatin1.charAt(StringLatin1.java:47)
	at java.base/java.lang.String.charAt(String.java:693)
	at scala.collection.immutable.StringOps$.apply$extension(StringOps.scala:41)
	at scala.meta.internal.metals.MetalsEnrichments$XtensionString.lastIndexBetween(MetalsEnrichments.scala:408)
	at scala.meta.internal.metals.MultilineStringFormattingProvider.pipeInScope(MultilineStringFormattingProvider.scala:93)
	at scala.meta.internal.metals.MultilineStringFormattingProvider.$anonfun$withToken$1(MultilineStringFormattingProvider.scala:139)
	at scala.concurrent.Future$.$anonfun$apply$1(Future.scala:659)
	at scala.util.Success.$anonfun$map$1(Try.scala:255)
	at scala.util.Success.map(Try.scala:213)
	at scala.concurrent.Future.$anonfun$map$1(Future.scala:292)
	at scala.concurrent.impl.Promise.liftedTree1$1(Promise.scala:33)
	at scala.concurrent.impl.Promise.$anonfun$transform$1(Promise.scala:33)
	... 4 more

WARN  no build target for: E:\Sophomore\Scala\LambdaPi\Eval.scala
something's wrong: no file:///e%3A/Sophomore/Scala/LambdaPi/Eval.scala in List[<error>]RangePosition(file:///e%3A/Sophomore/Scala/LambdaPi/Eval.scala, 58, 58, 64)
WARN  no build target for: E:\Sophomore\Scala\LambdaPi\Eval.scala
WARN  no build target for: E:\Sophomore\Scala\LambdaPi\Eval.scala
3月 20, 2020 1:12:54 上午 org.eclipse.lsp4j.jsonrpc.RemoteEndpoint fallbackResponseError
严重: Internal error: java.lang.StringIndexOutOfBoundsException: String index out of range: -1
java.util.concurrent.CompletionException: java.lang.StringIndexOutOfBoundsException: String index out of range: -1
	at java.base/java.util.concurrent.CompletableFuture.encodeThrowable(CompletableFuture.java:331)
	at java.base/java.util.concurrent.CompletableFuture.completeThrowable(CompletableFuture.java:346)
	at java.base/java.util.concurrent.CompletableFuture$UniAccept.tryFire(CompletableFuture.java:704)
	at java.base/java.util.concurrent.CompletableFuture.postComplete(CompletableFuture.java:506)
	at java.base/java.util.concurrent.CompletableFuture.completeExceptionally(CompletableFuture.java:2088)
	at scala.meta.internal.metals.CancelTokens$.$anonfun$future$1(CancelTokens.scala:38)
	at scala.meta.internal.metals.CancelTokens$.$anonfun$future$1$adapted(CancelTokens.scala:36)
	at scala.concurrent.impl.CallbackRunnable.run(Promise.scala:64)
	at java.base/java.util.concurrent.ThreadPoolExecutor.runWorker(ThreadPoolExecutor.java:1128)
	at java.base/java.util.concurrent.ThreadPoolExecutor$Worker.run(ThreadPoolExecutor.java:628)
	at java.base/java.lang.Thread.run(Thread.java:834)
Caused by: java.lang.StringIndexOutOfBoundsException: String index out of range: -1
	at java.base/java.lang.StringLatin1.charAt(StringLatin1.java:47)
	at java.base/java.lang.String.charAt(String.java:693)
	at scala.collection.immutable.StringOps$.apply$extension(StringOps.scala:41)
	at scala.meta.internal.metals.MetalsEnrichments$XtensionString.lastIndexBetween(MetalsEnrichments.scala:408)
	at scala.meta.internal.metals.MultilineStringFormattingProvider.pipeInScope(MultilineStringFormattingProvider.scala:93)
	at scala.meta.internal.metals.MultilineStringFormattingProvider.$anonfun$withToken$1(MultilineStringFormattingProvider.scala:139)
	at scala.concurrent.Future$.$anonfun$apply$1(Future.scala:659)
	at scala.util.Success.$anonfun$map$1(Try.scala:255)
	at scala.util.Success.map(Try.scala:213)
	at scala.concurrent.Future.$anonfun$map$1(Future.scala:292)
	at scala.concurrent.impl.Promise.liftedTree1$1(Promise.scala:33)
	at scala.concurrent.impl.Promise.$anonfun$transform$1(Promise.scala:33)
	... 4 more

WARN  no build target for: E:\Sophomore\Scala\LambdaPi\Eval.scala
WARN  no build target for: E:\Sophomore\Scala\LambdaPi\Eval.scala
WARN  no build target for: E:\Sophomore\Scala\LambdaPi\Eval.scala
WARN  no build tool detected in workspace 'E:\Sophomore\Scala\LambdaPi'. The most common cause for this problem is that the editor was opened in the wrong working directory, for example if you use sbt then the workspace directory should contain build.sbt. 
WARN  no build tool detected in workspace 'E:\Sophomore\Scala\LambdaPi'. The most common cause for this problem is that the editor was opened in the wrong working directory, for example if you use sbt then the workspace directory should contain build.sbt. 
WARN  no build target for: E:\Sophomore\Scala\LambdaPi\Eval.scala
WARN  no build target for: E:\Sophomore\Scala\LambdaPi\Eval.scala
WARN  no build target for: E:\Sophomore\Scala\LambdaPi\Eval.scala
WARN  no build tool detected in workspace 'E:\Sophomore\Scala\LambdaPi'. The most common cause for this problem is that the editor was opened in the wrong working directory, for example if you use sbt then the workspace directory should contain build.sbt. 
WARN  no build tool detected in workspace 'E:\Sophomore\Scala\LambdaPi'. The most common cause for this problem is that the editor was opened in the wrong working directory, for example if you use sbt then the workspace directory should contain build.sbt. 
WARN  no build target for: E:\Sophomore\Scala\LambdaPi\Eval.scala
WARN  no build target for: E:\Sophomore\Scala\LambdaPi\Eval.scala
WARN  no build target for: E:\Sophomore\Scala\LambdaPi\Eval.scala
WARN  no build target for: E:\Sophomore\Scala\LambdaPi\Eval.scala
WARN  no build target for: E:\Sophomore\Scala\LambdaPi\Eval.scala
WARN  no build target for: E:\Sophomore\Scala\Learn\src\main\scala\libs\Heap.scala
WARN  no build target for: E:\Sophomore\Scala\LambdaPi\Eval.scala
WARN  no build tool detected in workspace 'E:\Sophomore\Scala\LambdaPi'. The most common cause for this problem is that the editor was opened in the wrong working directory, for example if you use sbt then the workspace directory should contain build.sbt. 
WARN  no build tool detected in workspace 'E:\Sophomore\Scala\LambdaPi'. The most common cause for this problem is that the editor was opened in the wrong working directory, for example if you use sbt then the workspace directory should contain build.sbt. 
something's wrong: no file:///e%3A/Sophomore/Scala/LambdaPi/Eval.scala in List[Data.AST.Value]RangePosition(file:///e%3A/Sophomore/Scala/LambdaPi/Eval.scala, 77, 77, 88)
WARN  no build target for: E:\Sophomore\Scala\Learn\src\main\scala\Main.scala
3月 20, 2020 10:33:01 上午 org.eclipse.lsp4j.jsonrpc.services.GenericEndpoint notify
信息: Unsupported notification method: $/setTraceNotification
INFO  shutting down Metals
INFO  started: Metals version 0.8.3 in workspace 'E:\Sophomore\Scala\LambdaPi'
INFO  time: initialize in 1.18s
WARN  no build tool detected in workspace 'E:\Sophomore\Scala\LambdaPi'. The most common cause for this problem is that the editor was opened in the wrong working directory, for example if you use sbt then the workspace directory should contain build.sbt. 
WARN  no build target for: E:\Sophomore\Scala\Learn\src\main\scala\Main.scala
WARN  no build target for: E:\Sophomore\Scala\LambdaPi\Data\AST.scala
WARN  no build target for: E:\Sophomore\Scala\LambdaPi\Eval.scala
INFO  no build target: using presentation compiler with only scala-library
3月 24, 2020 12:03:48 上午 org.eclipse.lsp4j.jsonrpc.RemoteEndpoint handleCancellation
警告: Unmatched cancel notification for request id 6
3月 24, 2020 12:03:48 上午 org.eclipse.lsp4j.jsonrpc.RemoteEndpoint handleCancellation
警告: Unmatched cancel notification for request id 7
3月 24, 2020 12:03:48 上午 org.eclipse.lsp4j.jsonrpc.RemoteEndpoint handleCancellation
警告: Unmatched cancel notification for request id 9
3月 24, 2020 12:03:48 上午 org.eclipse.lsp4j.jsonrpc.RemoteEndpoint handleCancellation
警告: Unmatched cancel notification for request id 8
3月 24, 2020 12:03:48 上午 org.eclipse.lsp4j.jsonrpc.RemoteEndpoint handleCancellation
警告: Unmatched cancel notification for request id 10
3月 24, 2020 12:03:48 上午 org.eclipse.lsp4j.jsonrpc.RemoteEndpoint handleCancellation
警告: Unmatched cancel notification for request id 11
WARN  no build target for: E:\Sophomore\Scala\LambdaPi\Data\AST.scala
WARN  no build target for: E:\Sophomore\Scala\LambdaPi\Data\AST.scala
INFO  shutting down Metals
INFO  started: Metals version 0.8.3 in workspace 'E:\Sophomore\Scala\LambdaPi'
INFO  time: initialize in 0.87s
WARN  no build tool detected in workspace 'E:\Sophomore\Scala\LambdaPi'. The most common cause for this problem is that the editor was opened in the wrong working directory, for example if you use sbt then the workspace directory should contain build.sbt. 
WARN  no build target for: E:\Sophomore\Scala\LambdaPi\Eval.scala
WARN  no build target for: E:\Sophomore\Scala\LambdaPi\Data\AST.scala
INFO  no build target: using presentation compiler with only scala-library
INFO  shutting down Metals
